Vivado Simulator v2021.2
Copyright 1986-1999, 2001-2021 Xilinx, Inc. All Rights Reserved.
Running: W:/Xilinx/Vivado/2021.2/bin/unwrapped/win64.o/xelab.exe --incr --debug typical --relax --mt 2 -L xil_defaultlib -L secureip -L xpm --snapshot displayTest_behav xil_defaultlib.displayTest -log elaborate.log 
Using 2 slave threads.
Starting static elaboration
Completed static elaboration
Starting simulation data flow analysis
Completed simulation data flow analysis
Time Resolution for simulation is 1ps
Compiling package std.standard
Compiling package std.textio
Compiling package ieee.std_logic_1164
Compiling package ieee.numeric_std
Compiling package ieee.std_logic_arith
Compiling package ieee.std_logic_unsigned
Compiling architecture behavioural of entity xil_defaultlib.bcd_blanker [\bcd_blanker(num_segs=7)\]
Compiling architecture behavioural of entity xil_defaultlib.bin_to_bcd [\bin_to_bcd(num_size=12)\]
Compiling architecture behavioral of entity xil_defaultlib.BCD_to_7SEG [bcd_to_7seg_default]
Compiling architecture behavioral of entity xil_defaultlib.clk_divider [\clk_divider(freq_out=400)\]
Compiling architecture behavioral of entity xil_defaultlib.Ring_Counter [ring_counter_default]
Compiling architecture behavioral of entity xil_defaultlib.T_Calculator_Display [t_calculator_display_default]
Compiling architecture behavioral of entity xil_defaultlib.displaytest
Built simulation snapshot displayTest_behav
